
Leistungszusammenfassung für das Projekt:
      107 ms P:\Projects\Sheriff\Sheriff\Sheriff.vcxproj   1 Aufrufe
                107 ms Build                                      1 Aufrufe

Leistungszusammenfassung für das Ziel:
        0 ms _ResourceCompile                           1 Aufrufe
        0 ms ResolvedXDCMake                            1 Aufrufe
        0 ms RegisterOutput                             1 Aufrufe
        0 ms _ALink                                     1 Aufrufe
        0 ms ComputeLegacyManifestEmbedding             1 Aufrufe
        0 ms BuildLinkTraverse                          1 Aufrufe
        0 ms BuildCompile                               1 Aufrufe
        0 ms _BuildCompileAction                        1 Aufrufe
        0 ms AfterBuildCompileEvent                     1 Aufrufe
        0 ms _Lib                                       1 Aufrufe
        0 ms AfterLib                                   1 Aufrufe
        0 ms PreLinkEvent                               1 Aufrufe
        0 ms MakeDirsForLib                             1 Aufrufe
        0 ms ComputeLibInputsFromProject                1 Aufrufe
        0 ms ComputeCLGeneratedLibInputs                1 Aufrufe
        0 ms ComputeRCGeneratedLibInputs                1 Aufrufe
        0 ms ComputeRCOutputs                           1 Aufrufe
        0 ms ComputeLibAdditionalOptions                1 Aufrufe
        0 ms BeforeLib                                  1 Aufrufe
        0 ms AfterResourceCompile                       1 Aufrufe
        0 ms MakeDirsForResourceCompile                 1 Aufrufe
        0 ms BeforeResourceCompile                      1 Aufrufe
        0 ms ComputeCLCompileGeneratedXDCFiles          1 Aufrufe
        0 ms _ClCompile                                 1 Aufrufe
        0 ms MakeDirsForXdcMake                         1 Aufrufe
        0 ms ComputeCLCompileGeneratedSbrFiles          1 Aufrufe
        0 ms AfterBuild                                 1 Aufrufe
        0 ms BuildLink                                  1 Aufrufe
        0 ms _BuildLinkAction                           1 Aufrufe
        0 ms PostBuildEvent                             1 Aufrufe
        0 ms PrepareForRun                              1 Aufrufe
        0 ms _CheckForCompileOutputs                    1 Aufrufe
        0 ms _CopySourceItemsToOutputDirectory          1 Aufrufe
        0 ms _GetCopyToOutputDirectoryItemsFromThisProject   1 Aufrufe
        0 ms _GetCopyToOutputDirectoryItemsFromTransitiveProjectReferences   1 Aufrufe
        0 ms GetCopyToOutputDirectoryXamlAppDefs        1 Aufrufe
        0 ms _PopulateCommonStateForGetCopyToOutputDirectoryItems   1 Aufrufe
        0 ms _Deploy                                    1 Aufrufe
        0 ms _Appverifier                               1 Aufrufe
        0 ms CreateSatelliteAssemblies                  1 Aufrufe
        0 ms _GenerateSatelliteAssemblyInputs           1 Aufrufe
        0 ms MakeDirsForFxc                             1 Aufrufe
        0 ms SatelliteDllsProjectOutputGroup            1 Aufrufe
        0 ms PrepareResourceNames                       1 Aufrufe
        0 ms CreateCustomManifestResourceNames          1 Aufrufe
        0 ms _BscMake                                   1 Aufrufe
        0 ms MakeDirsForBscMake                         1 Aufrufe
        0 ms _XdcMake                                   1 Aufrufe
        0 ms AfterClCompile                             1 Aufrufe
        0 ms Build                                      1 Aufrufe
        0 ms WarnCompileDuplicatedFilename              1 Aufrufe
        0 ms BeforeBuildGenerateSources                 1 Aufrufe
        0 ms BuildGenerateSourcesTraverse               1 Aufrufe
        0 ms ResolveReferences                          1 Aufrufe
        0 ms AfterResolveReferences                     1 Aufrufe
        0 ms ResolveAssemblyReferences                  1 Aufrufe
        0 ms MakeDirsForCl                              1 Aufrufe
        0 ms ResolveSDKReferences                       1 Aufrufe
        0 ms SetCABuildNativeEnvironmentVariables       1 Aufrufe
        0 ms PreBuildEvent                              1 Aufrufe
        0 ms _CheckWindowsSDKInstalled                  1 Aufrufe
        0 ms AddExternalIncludDirectoriesToPaths        1 Aufrufe
        0 ms GetReferenceAssemblyPaths                  1 Aufrufe
        0 ms GetFrameworkPaths                          1 Aufrufe
        0 ms PrepareProjectReferences                   1 Aufrufe
        0 ms _AddOutputPathToGlobalPropertiesToRemove   1 Aufrufe
        0 ms _SplitProjectReferencesByFileExistence     1 Aufrufe
        0 ms BeforeResolveReferences                    1 Aufrufe
        0 ms _PrepareForReferenceResolution             1 Aufrufe
        0 ms GetResolvedWinMD                           1 Aufrufe
        0 ms _SelectedFiles                             1 Aufrufe
        0 ms ExpandSDKReferences                        1 Aufrufe
        0 ms AfterBuildGenerateSources                  1 Aufrufe
        0 ms SelectCustomBuild                          1 Aufrufe
        0 ms AfterBuildGenerateSourcesEvent             1 Aufrufe
        0 ms FindReferenceAssembliesForReferences       1 Aufrufe
        0 ms _Midl                                      1 Aufrufe
        0 ms BuildGenerateSources                       1 Aufrufe
        0 ms BuildCompileTraverse                       1 Aufrufe
        0 ms ComputeReferenceCLInput                    1 Aufrufe
        0 ms BeforeClCompile                            1 Aufrufe
        0 ms ComputeMIDLGeneratedCompileInputs          1 Aufrufe
        0 ms MakeDirsForMidl                            1 Aufrufe
        0 ms _Xsd                                       1 Aufrufe
        0 ms GetReferencedVCProjectsInfo                1 Aufrufe
        0 ms CopyFileToFolders                          1 Aufrufe
        0 ms ComputeCLInputPDBName                      1 Aufrufe
        0 ms ComputeCustomBuildOutput                   1 Aufrufe
        0 ms AfterMidl                                  1 Aufrufe
        0 ms _BuildGenerateSourcesAction                1 Aufrufe
        1 ms _PrepareForBuild                           1 Aufrufe
        1 ms SetBuildDefaultEnvironmentVariables        1 Aufrufe
        1 ms IncrementalClean                           1 Aufrufe
        1 ms ContentFilesProjectOutputGroup             1 Aufrufe
        1 ms _CleanGetCurrentAndPriorFileWrites         1 Aufrufe
        1 ms AssignTargetPaths                          1 Aufrufe
        1 ms SplitResourcesByCulture                    1 Aufrufe
        1 ms AssignProjectConfiguration                 1 Aufrufe
        1 ms ResolveProjectReferences                   1 Aufrufe
        1 ms FinalizeBuildStatus                        1 Aufrufe
        1 ms CopyFilesToOutputDirectory                 1 Aufrufe
        1 ms BuiltProjectOutputGroup                    1 Aufrufe
        1 ms _Manifest                                  1 Aufrufe
        2 ms GetCopyToOutputDirectoryItems              1 Aufrufe
        4 ms InitializeBuildStatus                      1 Aufrufe
        5 ms SetTelemetryEnvironmentVariables           1 Aufrufe
        7 ms PrepareForBuild                            1 Aufrufe
        8 ms CustomBuild                                1 Aufrufe
       12 ms _CheckForInvalidConfigurationAndPlatform   1 Aufrufe
       15 ms CreateRecipeFile                           1 Aufrufe
       36 ms _GetProjectReferenceTargetFrameworkProperties   1 Aufrufe

Leistungszusammenfassung für die Aufgabe:
        0 ms Delete                                     2 Aufrufe
        0 ms FindUnderPath                              5 Aufrufe
        0 ms ConvertToAbsolutePath                      1 Aufrufe
        0 ms AssignCulture                              1 Aufrufe
        0 ms RemoveDuplicates                           2 Aufrufe
        1 ms WriteLinesToFile                           1 Aufrufe
        1 ms AssignTargetPath                           7 Aufrufe
        1 ms AssignProjectConfiguration                 1 Aufrufe
        1 ms Message                                    2 Aufrufe
        1 ms CheckVCToolsetVersion                      1 Aufrufe
        1 ms MSBuild                                    1 Aufrufe
        2 ms ReadLinesFromFile                          2 Aufrufe
        2 ms Touch                                      2 Aufrufe
        2 ms CallTarget                                 2 Aufrufe
        3 ms SetEnv                                     9 Aufrufe
        4 ms MakeDir                                   10 Aufrufe
        8 ms GetOutOfDateItems                          3 Aufrufe
       15 ms GenerateDesktopDeployRecipe                1 Aufrufe
